Starting 2010-01-06 17:54:32.076000
GunnarHafdal: 7462357200
TehDrunknMunky: error (Exception('HTTP Error: 502 (Bad Gateway)',))
FagFanRoy: 7462358279
happysorceress: 7462359317
carolmariecobb: 7462359832
MarnieBristow: 7462360350
pedro_leite: 7462360669
pixelhill: 7462361114
drtaru: 7462361524
sungenis: 7462362027
AnastasiaNas: 7462362864
OhMyBlogItsJoey: 7462363256
FeistyKel: 7462363468
shambamble: 7462363893
ginghamgrlva: 7462364481
Laurapintas: 7462364726
arjadi: 7462365100
Jacob816: 7462365699
MissFabulousX: 7462366396
Drackir: 7462366697
akhilak: 7462367194
aclendenen: 7462368099
RJencina: 7462368440
andybarr: 7462368635
Regoddy: 7462369027
sohoskirt: 7462369483
will8907: 7462369721
edwardlover213: 7462370089
xxZoeexx: 7462370301
Aims__: 7462370596
roobug: 7462371073
hoopjones: 7462371262
CinsAngel42: 7462371760
speechadvice: 7462372300
pianoman6398: 7462372620
Casesayy: 7462372957
watertails: 7462373500
M_Fkill: 7462373954
magentaann: 7462374358
tomasledba: 7462374606
HawleyRoddick: 7462375636
markbnorwich: 7462375902
ilustrevitor: 7462376209
Tim_Black: 7462376605
marzipan87: 7462377497
doc_blume: 7462378020
jeanettemarsh: 7462378275
nann54: 7462378603
TheAndrewNguyen: 7462380847
trentvanegas: 7462381233
hannajayy: 7462381473
Quene_Mary_I: 7462381674
MBheartstwugs: 7462381881
lisaknakamura: 7462383019
krishnan: 7462383367
chrysantheee: 7462383953
schup: 7462384494
theeyebrandon: 7462385786
historicals: 7462388507
kaligolf: 7462389158
Beiju: 7462390715
markpuck: 7462392785
BangorSingleMom: 7462395070
freekrai: 7462396064
joebangyourmom: 7462396938
palmspringsjim: 7462398336
TakeAwayTheA: 7462398839
sassysweater: 7462399449
adnan_chowdhury: 7462400168
kcinkcity: 7462400668
charleysebs: 7462401292
jamieyuccas: 7462402378
RobynGabel: 7462403060
RedTheTrucker: 7462403595
CT_Shoreline: 7462403797
ohxkay: 7462404037
EQAlert: 7462404442
MailleMaam: 7462404649
kaiitlin: 7462405891
ThatDamJonGuy: 7462406060
angiemansfield: 7462406289
Daria67: 7462406694
libscostello: 7462406910
iOthertim: 7462407293
mindonly: 7462407650
mitchsamuels: 7462408055
ryanman95: 7462408343
Perfect_Timing: 7462408568
OhGodItsAsh: 7462408967
cyn1978: 7462409204
grownuplessons: 7462409504
verymelm: 7462409704
alpacaaddict: 7462410355
jdeprez: 7462410735
jeditigger: 7462411057
Marissa_Alwin: 7462411485
Stitchii: 7462411814
Gott2beme: 7462412299
jen_h: 7462412795
BaltarStar: 7462413046
olgaorange24: 7462413315
IcebergStudios: 7462413625
dragonc: 7462414163
ELLCatHowardCC: 7462414419
emmamw90: 7462414733
fawn_fable: 7462415003
lekabu: 7462415310
NiteStar: 7462415950
TiyyaRAWR: 7462416219
adrianalikestea: 7462416898
nick_red: 7462417504
kathutch01: 7462418165
crsnova: 7462418650
ToddCB: 7462419057
KaitlinTGEfan: 7462419425
_krystin: 7462419989
bardgirl: 7462420735
feeru: 7462421168
grmeyer: 7462421560
katy4cook: 7462421957
Dreamspirity: 7462422272
EliOK: 7462422544
nirvoo: 7462422799
kristwhy: 7462423493
cynthiahaan: 7462423792
virgo914: 7462424155
veronica78: 7462424641
jhclee: 7462425434
KateDrinkwater: 7462426581
crispinTx: 7462426925
MattieBoy360: 7462427272
mayog: 7462427881
runawayballista: 7462428507
oohitsmikaylaaa: 7462428888
RichSantoriello: 7462429359
sanewolf: 7462429743
TrudyNorton: 7462430324
Doohickiesnsuch: 7462430689
CHICAGO_lollie: 7462430938
LoveStats: 7462431428
s4m: 7462431791
sizemattic: 7462432273
SNWPaul: 7462432624
agroove: 7462433014
nethdugan: 7462433255
OmegaHosts: 7462433607
BabesGoBare: 7462434177
rockydoom: 7462434536
Odina: 7462435357
Smith22793: 7462435817
ezd2434: 7462436463
oncer271: 7462436973
DdubsCowgirl: 7462437205
MargoWest: 7462437850
Miss_Innocence: 7462438140
samtroy: 7462438500
adriansays: 7462438804
arienh4: 7462439194
shanamarie04: 7462439447
evanjacobs: 7462439935
slipdisc: 7462440361
KrisAllen4Fake: 7462440926
pirulokura23: 7462441541
batfish: 7462442805
mutazx: 7462444537
gotime_seattle: error (Exception('HTTP Error: 503 (Service Unavailable)',))
sarahcoldheart: 7462448302
ajchz: 7462450486
ProjectDuo: 7462452605
Hope4esp: 7462453806
The_QueenP: 7462454292
BamTweetz: 7462454754
akaErucci: 7462455058
Mattjsrules: 7462455359
lisaktran: 7462455606
Paul_Lisicky: 7462456418
Gmcintosh1: 7462456817
imerickson: 7462457052
rumple: 7462457347
iluvsmooches: 7462458212
a4ann: 7462459008
shakedancer: 7462459366
Los2911: 7462459779
jicooo: 7462460205
KiniArt: 7462460534
b33k: 7462461107
Jesmalu: 7462462634
NikitaRBford: 7462463018
MyaLMG: 7462463282
tom: 7462463645
brantstevens: 7462463865
trojans03: 7462464360
rosclark7: 7462464611
renonelab: 7462465620
thedirtbird: 7462465831
DDubsPokerChick: 7462466257
jctrick: 7462466682
dstarr29: 7462466981
charlievanewyk: 7462467921
Gagirl_29: 7462469114
_ItsHolliday_: 7462470178
LynZ_Ann: 7462470491
Snoil: error (Exception('HTTP Error: 503 (Service Unavailable)',))
drummershuff: 7462473423
ckinney: 7462473702
SubElement: 7462473956
chrispowell: error (Exception('HTTP Error: 503 (Service Unavailable)',))
adamdullenty: 7462476703
Thomie4: 7462477281
mik3y08: 7462477639
Youngbrammer: 7462477930
HeyyImSam: 7462478249
Fiftyheadidprnc: 7462478420
laballade: 7462478630
joshy206: 7462478866
MetalheadMick: 7462479089
adamziggied: 7462479410
Ultra_Fox: 7462479800
Selasphorus: error (Exception("URLError(error(10054, 'Connection reset by peer'),)",))
mellieandsammy: 7462481857
LeighanS: error (Exception('HTTP Error: 503 (Service Unavailable)',))
jakobsmithson: error (Exception('HTTP Error: 503 (Service Unavailable)',))
GayRainArmy: 7462487261
BasUytdenhouwen: 7462487540
mulene: 7462488018
Warlach: 7462488266
EMMABOLING: 7462488897
ThidaK: 7462489232
awcharney: 7462489582
Nightsterhd: 7462489790
kryptocow: 7462490067
MadsODG57: 7462490439
Hoperatives: 7462490662
alixito: 7462490942
MaineFarmMan: 7462491143
addisonjames: error (Exception('HTTP Error: 503 (Service Unavailable)',))
zildj: 7462494006
BritneyElyse: 7462495231
GodlessAmerican: 7462495473
meadia: 7462495977
jeredgold: 7462496259
Iamcharny: 7462496537
dancingvalentin: 7462496879
haneefkazi: 7462497412
eprugh: 7462497781
sk8erdude38: 7462498020
Einley: 7462498308
branflakez: 7462498678
Just_Joshing_U: 7462499234
ChrisDF0: 7462500499
ajbriwell: 7462501076
MichelleRick: 7462501727
minus_sara: 7462502089
Morgan_Shilling: 7462502683
ArachneJericho: 7462503018
T_RRed: 7462503592
bran_dee88: 7462504178
KB_Alan: 7462504470
thione: 7462505105
circlesymphony: 7462505718
briansteers: 7462506142
peterflom: 7462507058
Sugga_Babi: 7462507842
IraJWise: 7462508383
XDrew574X: 7462508762
glindaharrison: 7462509213
NateEikinskjald: 7462509478
P_Wilcox: 7462509843
LCinMD: 7462510187
warchef: 7462511127
BenFeldman: 7462511756
baileybearx3: 7462512135
Thisvoice4u: 7462512516
BrandonDiCicco: 7462512834
DaneFromKC: 7462513372
FGI_Seattle: 7462513755
jayfarmington: 7462514087
kiohl: 7462514403
bcbeatty: 7462514830
ylin0621: 7462515335
alliesheets: 7462515607
lilbirdblue: 7462516140
rj118: 7462516485
ubuntunero: 7462516995
RosieHattersley: 7462517435
_han: 7462518005
J_Dragonfly: 7462518727
docksta: 7462519225
LemonadeSunset: 7462520506
Writers_Cafe: 7462520888
frostyrednwhite: 7462521188
MaxJG: 7462521490
spooky5: 7462521753
dorothybaez: 7462522157
mason2042: 7462523308
B_A_Bookworm: 7462523776
heavybubble: 7462524296
SoulSurvivor81: 7462525065
KSBM: 7462525671
rjencina: 7462526329
GlamUlli: 7462526733
lanellelizabeth: 7462527960
KerryMG: 7462528566
Rsnfld: 7462528908
NickyButt: 7462529715
LesHemmings: 7462529967
dbsalter: 7462530593
hiRacine: 7462531270
Open_Flame: 7462532597
thewriteidea: 7462533693
irishgirl75: 7462534233
travisbme: 7462535555
ImTheQ: 7462536216
SalonServices: 7462536671
GlassGardensNW: 7462537427
Hiro_pikachu: 7462537872
michaeljdeluca: 7462538208
jle82: 7462538730
Gemini_Dawn: 7462539409
Saknika: 7462540426
DesiLynnsmom: 7462541397
krahfu: 7462543228
Kurtissl: 7462543718
Badger5000: 7462544505
Wingsoverwallst: 7462544942
goodmachine: 7462545645
MrMaycock: 7462548629
raevengeance: 7462552343
AllieMonn: 7462554175
michalskop: 7462557324
cwkoss: 7462558636
krinhoh: 7462560179
chelamarie: 7462561767
kristankenney: 7462565810
roguevintage: 7462567839
jasper_su: 7462571164
KimberWitch: 7462574475
nazimaali: 7462575140
TheCharitySpace: 7462575774
sunshinelvr1970: 7462576142
dereksboy: 7462576725
WritingCraft: 7462577122
sharlaxismp: 7462577672
tendenes: 7462578078
mysongotheday: 7462579050
CollinStraka: 7462579421
lolwithtim: 7462579792
AndyBCFC: 7462580164
wolfylavallie: 7462580463
EMorganNY: 7462580920
EdSchindler: 7462581221
twibes: 7462582351
johnhcook: 7462582879
braian_was_here: 7462583263
offkeymom: 7462583616
PlayingMantis37: 7462583896
Kryptocow: 7462584174
seshennu: 7462584644
CJMendis: 7462585091
Angelic_Claire: 7462585336
peacefriends: 7462585617
cindypon: 7462585989
JazzyLamby: 7462586744
kissoffools: 7462587762
EnigmaRDT: 7462588085
maezombie: 7462588797
heyrocker: 7462589122
jwhitcombe: 7462590170
JulianZamora: 7462591542
britteny: 7462591936
FiendAngelical: 7462592567
girlmeetsbike: 7462593010
macca_tas: 7462593801
PumpkinRiver: 7462594348
Genevieve_Thurs: 7462594651
evilcop: 7462594920
StAsuna: 7462595302
WhitTH: 7462595784
JCraney: 7462596154
johncgeorge: 7462596439
el_Igore: 7462596744
kisa64: 7462597338
gregr: 7462598062
gregs: 7462598746
JackJanetOnline: 7462599377
WolfenM: 7462599900
beachwench: 7462600308
samgamgee: error (Exception('HTTP Error: 403 (Forbidden)',))
liezltruong: error (Exception('HTTP Error: 403 (Forbidden)',))
RoxyFirestorm: error (Exception('HTTP Error: 403 (Forbidden)',))
AutumnPhoenix_: error (Exception('HTTP Error: 403 (Forbidden)',))
ArmitageX: error (Exception('HTTP Error: 403 (Forbidden)',))
trackchick_ox: error (Exception('HTTP Error: 403 (Forbidden)',))
mattjohnvaughan: error (Exception('HTTP Error: 403 (Forbidden)',))
lutoma: error (Exception('HTTP Error: 403 (Forbidden)',))
arrch: error (Exception('HTTP Error: 403 (Forbidden)',))
JustMarriedUs: error (Exception('HTTP Error: 403 (Forbidden)',))
GhostOfTimLeary: error (Exception('HTTP Error: 403 (Forbidden)',))
JordanWindebank: error (Exception('HTTP Error: 403 (Forbidden)',))
aroyan: error (Exception('HTTP Error: 403 (Forbidden)',))
dts1970: error (Exception('HTTP Error: 403 (Forbidden)',))
beccamoss: error (Exception('HTTP Error: 403 (Forbidden)',))
joyousb: error (Exception('HTTP Error: 403 (Forbidden)',))
twinmamma: error (Exception('HTTP Error: 403 (Forbidden)',))
p3reilly: error (Exception('HTTP Error: 403 (Forbidden)',))
anjak_j: error (Exception('HTTP Error: 403 (Forbidden)',))
newtypegirlie: error (Exception('HTTP Error: 403 (Forbidden)',))
simonkeith: error (Exception('HTTP Error: 403 (Forbidden)',))
bitterepiphany: error (Exception('HTTP Error: 403 (Forbidden)',))
hairporn: error (Exception('HTTP Error: 403 (Forbidden)',))
vball199: error (Exception('HTTP Error: 403 (Forbidden)',))
mcdermon: error (Exception('HTTP Error: 403 (Forbidden)',))
robinwsmith: error (Exception('HTTP Error: 403 (Forbidden)',))
gerard_armando: error (Exception('HTTP Error: 403 (Forbidden)',))
timothyjamaal: error (Exception('HTTP Error: 403 (Forbidden)',))
SlippingAway: error (Exception('HTTP Error: 403 (Forbidden)',))
SpectrumWarrior: error (Exception('HTTP Error: 403 (Forbidden)',))
real_ate: error (Exception('HTTP Error: 403 (Forbidden)',))
lizfohl: error (Exception('HTTP Error: 403 (Forbidden)',))
microsoftapple: error (Exception('HTTP Error: 403 (Forbidden)',))
KapnKrunch1337: error (Exception('HTTP Error: 403 (Forbidden)',))
tweepml: error (Exception('HTTP Error: 403 (Forbidden)',))
Azcorp: error (Exception('HTTP Error: 403 (Forbidden)',))
cabbey: error (Exception('HTTP Error: 403 (Forbidden)',))
Starting 2010-01-06 18:17:48.148000
samgamgee: error (Exception('HTTP Error: 403 (Forbidden)',))
liezltruong: error (Exception('HTTP Error: 403 (Forbidden)',))
RoxyFirestorm: error (Exception('HTTP Error: 403 (Forbidden)',))
AutumnPhoenix_: error (Exception('HTTP Error: 403 (Forbidden)',))
ArmitageX: error (Exception('HTTP Error: 403 (Forbidden)',))
trackchick_ox: error (Exception('HTTP Error: 403 (Forbidden)',))
mattjohnvaughan: error (Exception('HTTP Error: 403 (Forbidden)',))
Starting 2010-01-07 15:42:49.115000
theillien: 7496930805
Robert6512: 7496976297
lexoh: 7497023354
tinyseppuku: 7497070451
barbiechick00: 7497116838
H34RT4K3: 7497163399
tinkerbelle4983: 7497210175
matjaz_jansa: 7497255488
purpleprince7: 7497303539
Lepprdette: 7497348646
javerlin74: 7497395254
BellaMerceHCJ: 7497440620
runawaysu: 7497491152
firewallender: 7497538891
Markl_Sparkle: 7497586719
zzelinski: 7497633748
singhthing: 7497680947
queenie_nyc: error (Exception('HTTP Error: 502 (Bad Gateway)',))
Kiaxet: error (Exception('HTTP Error: 502 (Bad Gateway)',))
VectorGato: error (Exception('HTTP Error: 502 (Bad Gateway)',))
jenniferjayy: 7497726585
coffeeforhobos: error (Exception('HTTP Error: 502 (Bad Gateway)',))
VallenGeorge: error (Exception('HTTP Error: 502 (Bad Gateway)',))
SillyMe1962: 7497764064
luisagalliez: 7497789677
JenBlogger: 7497834619
kelsey23ann: 7497883174
GeorgiaPrincez: 7497929696
ChakatSilver: 7497976553
ivonnespinoza: 7498025038
1ENightWatchman: 7498073363
bullash: 7498121018
girlwithideas: 7498168581
notjohnny: 7498215517
lonelyroads: 7498261820
oleheifer: 7498308699
donnam13: 7498358897
jen_jen: 7498407444
david_wylie: 7498456638
bearlopez: 7498504698
whitbit: 7498553229
jSurmieda: 7498601774
ElizabethsFeet: 7498651203
Atzel_Malach: 7498699237
royleban: 7498747773
joeycos: 7498796069
shewasminetoo: 7498845681
Limpar33: 7498893908
skerdypants: 7498942411
mikepop1027: 7498991276
petermdenton: 7499040555
escafeld67: 7499089065
adamloving: 7499137369
ThePirateBlog: 7499184803
KarenNZL: 7499233264
corboy11: 7499283251
StopK2Hatefan: 7499336227
realjackbowman: 7499386559
czgoldedition: 7499436064
tom_streeter: 7499486465
ClearCheckbook: 7499536583
RN4Y17: 7499586286
purplemoonaries: 7499636570
astartupaday: 7499686677
qsigroup: 7499735189
vudybooty: 7499785239
lisalarosa: 7499834978
kaylaudia: 7499885553
jnoche: 7499935086
noynoynimpton: 7499984858
enepttastic: 7500034622
DWahlburglar: 7500084946
Sydney_Victoria: 7500134500
roadsidebliss: 7500185122
futumpsh: 7500234107
CathyNa: 7500284658
AllisonnL33: 7500336473
penguin1124: 7500390499
pavinp: 7500444447
megpye: 7500497822
Jenni_Nikki: 7500549106
Rezrath: 7500602058
lalapisani: 7500654350
mrichert: 7500706184
DowntownRob: 7500760858
paulawhyman: 7500817458
ghendrix: 7500870541
LBullion: 7500925340
madsamgamer: 7500978742
ddevotchka: 7501032073
thenerdnest: 7501084321
MorganLver: 7501138212
Awilder42: 7501191719
rockmanac: 7501244116
NickDwyer: 7501298757
mikeyyyc: 7501356004
Caja08: 7501410660
camerasrollon: 7501463319
jctremblay: 7501516304
benfinzel: 7501568167
lovestats: 7501620648
mkbkrthebkmkr: 7501672861
pweller7: 7501725872
tjeemp: 7501777401
StUnnaManAjaX: 7501827843
BCBerrie: 7501879299
TweetStats: 7501931895
Eugenia_Kim: 7501983201
StarDan: 7502034992
raworahi: 7502088055
CuddleLop: 7502140100
elame: 7502191903
JLPITTS: 7502243621
dreadpiratemick: 7502297584
dilutedpants: 7502349168
dtheo007: 7502403265
allgirlsblogs: 7502457461
fleurmcdonald: 7502510024
alpacaave: 7502561671
eekygeeky: 7502612831
jendher: 7502664150
lalax67: 7502715955
Disco_Mer: 7502771600
StephaniePrasad: 7502827111
rcchu: 7502879689
brittanykeddy: 7502932951
lizenomoto: 7502987735
ZachTocchi: 7503041260
jordanlangdon: 7503094139
leifhansen: 7503145450
find_and_seek: 7503197183
jimmybyrd: 7503248592
blu_cheryl: 7503299418
swiss1miss: 7503349666
undomesticdiva: 7503400351
krystinalisette: 7503457499
ninjies: 7503510658
zerodave: 7503566076
Adeniswin12: 7503623847
allisoninfinity: 7503678681
charlieharris: 7503732981
DebbyAll: 7503785637
_ThatOneGirl_: 7503837505
bethanxx: 7503889937
tonyeast: 7503941409
bdbdbdbd: 7503993490
MisssMCR: 7504045203
ajit8uk: 7504095431
HellyH: 7504147378
TimeCruiserMike: 7504198844
VPhi09Dancer: 7504250390
ejbigelow: 7504301321
LisaHendrix: 7504352408
lushvalley: 7504403171
tygryph: 7504455794
cshore7222: 7504510222
Kimskygirl: 7504561724
Shoesandhats: 7504613335
Hillary_B: 7504665892
mromanova: 7504716476
moogyboobles: 7504768973
trucker60073: 7504821868
authorkoreilly: 7504872926
erinkategreat: 7504923603
cookerman76: 7504974039
SUBSTANISAN: 7505023428
bethdaniher: 7505072641
alanbamber123: 7505121519
Tracey415: 7505173573
SanityProject: 7505223149
aagw: 7505272414
DreadedKilla: 7505320857
KimElleen: 7505368937
CaiOwned: 7505415999
jujube5160: 7505469135
TwitterDispatch: 7505522491
ORP_asoccer: 7505573122
mcgarty: 7505622621
Talyseon: 7505672944
MaddieKau: 7505723505
akashhhhh: 7505774853
ajpreyes: 7505824979
InoSintGirl: 7505874126
MaDsAmGaMeR: 7505921646
tacce: 7505969706
snuffdigital: 7506017040
jmpress: 7506064321
theperfectlady: 7506111971
hwilliams83: 7506160713
strivaria: 7506208425
worldwithcolor: 7506254675
Pleiade01: 7506301569
shifty13: 7506347606
nishanif: 7506393643
TimmyTenga: 7506440815
alwaysnasty: 7506486799
FFChaplainRob: 7506532824
memsic: 7506579149
katekintail: 7506636165
rarishes: 7506692528
joanie_s_c: 7506742993
suzeunplugged: 7506792502
jkwalla: 7506839233
hardcorelamb: 7506885204
Martd27: 7506933383
kinthiri: 7506980057
SgtSquiggles: 7507025666
JaneCraford: 7507079683
JosieFier: 7507127485
_the_bucket: 7507173532
pastorclinton: 7507221276
LisbethMA: 7507273964
omgpoppanda: 7507319827
dbkagrayson2002: 7507365114
JavaJoeMyspace: 7507418694
dimala: 7507466850
lost_illusion: 7507516700
Samwhyte: 7507565829
WoodyJo: 7507613730
StephaNay: 7507662872
carolineRAWR5: 7507709425
electriiicfeel: 7507756981
_dash: 7507802774
xxxDuckyxxx: 7507846779
pamQ: 7507891679
ljishie: 7507934552
TraceyJoy76: 7507977221
LisiM: 7508020280
LovingCatMom: 7508062525
Brendanger: 7508104400
dle90742: 7508145896
kwakazoo: 7508185728
LawrenceMills: 7508226125
Pastor_Daniel: 7508265980
seattle20: 7508309776
shanaca: 7508350334
PlusSizeMommy: 7508391223
ZeroCounts: 7508431720
mollybeth35: 7508472360
AbiGraceMusic: 7508511027
MalibuKen86: 7508550489
FUTUREPersp: 7508589851
BukkakeKid: 7508628067
cansee: 7508666393
Burn_Slowly: error (Exception("URLError(error(10054, 'Connection reset by peer'),)",))
chrsmom302: 7508707351
catewood: 7508745361
kimstarot: 7508783467
Tigntink: 7508823491
limecello: 7508860995
martijnbrant: 7508898858
JoeDS13: 7508936461
MercuryBlue: 7508973151
DrumMedia: 7509009518
KaraWeber: 7509047973
lizloveskith: 7509088675
MarikoTohno: 7509126050
ringlunatic: 7509163512
littlefluffycat: 7509201586
saralovex3: 7509237137
brypie: 7509272550
lcsmom3: 7509308574
Lewishamdreamer: 7509344787
schneiderml: 7509380075
finalscoreB3G2: 7509416533
RwinFTW: 7509452672
Thomvl: 7509488120
ericpeters: 7509523617
DKJ63: 7509560097
Shawn_Writes: 7509595649
nettie53156: 7509631436
davepalmerinc: 7509666501
BadaRN73: 7509701048
gdharbin: 7509734745
mrsoap: 7509770057
MerleChloe: 7509805755
_krstn: 7509839944
JustinCorey: 7509873958
bwaybaby: 7509908965
Stretchnecks: 7509942898
Epidiah: 7509975772
IMLIKEAFART: 7510009389
eadvocate: 7510041985
thequila: 7510074416
curupa: 7510107570
rcolagrosso: error (Exception('HTTP Error: 503 (Service Unavailable)',))
blogsbylatinas: 7510142077
GabyDooartay: 7510174530
TreenaT: 7510206742
luv2laugh77: 7510239762
aubreeryann: 7510271617
jujuisgoodluck: 7510302861
melloteddy: 7510334614
ozinn: 7510365408
StarrMonroe: 7510395453
lammy_ka: 7510430525
Ita99: 7510463823
jurgrace: 7510495328
marquy: 7510527556
alnowmann: 7510558604
kwhite81: 7510590201
LisaBeth_: 7510620513
knarf567: 7510651838
UrbanistaMag: 7510682297
muskieratboi: 7510712058
Knitcave1: 7510742931
KristieKastl: 7510774250
robynmcintyre: 7510804323
BrianCook_WHY: 7510834965
turtletia: 7510865528
jessicakumar1: 7510895372
missmans: 7510925483
sommer_marsden: 7510955756
CplPuni5hment: 7510985351
Arrugalator: 7511014441
Tlieso: 7511046151
BryanSutter: error (Exception('HTTP Error: 503 (Service Unavailable)',))
JonelB: 7511078240
KelseyRobinson: 7511108161
Think_B4U_Think: 7511138035
KadiPrescott: 7511168286
iCultur: 7511196732
aviel: 7511225439
visserislive: 7511254610
victorialyth: 7511283267
bag_raiders: 7511310982
seanreichle: 7511340144
nikkebirde: 7511368555
lucyintheskhi: 7511397376
nurse4pups: 7511426643
Tabbicats: 7511455536
QueenOfPlanets: 7511483313
missmalloy: 7511511805
irishchari: 7511540191
mrgunn: 7511568404
nlahana: 7511595410
erinhatzi: 7511629307
stoptheclocks13: 7511659387
sawickipedia: 7511688695
JOHN_WILLIAMS: 7511718103
rosearies: 7511746368
valeriathinks: 7511774669
DormRoomDreamer: 7511802741
earth_mommy: 7511831243
divinelove: 7511858950
queue_t: 7511886618
jessicaclark: 7511915646
_Mjollnir_: 7511943883
SHagebak: 7511971975
RissaWatkins: 7512001364
JettSuperior: 7512029624
aarteepotnis: 7512057302
inafried: 7512086042
kathismom: 7512113790
jlreinheimer: 7512141768
michaelcjohnson: 7512169347
nobbynobbynoob: 7512200053
Alex_Typhlosion: 7512228350
JRPelkola: 7512257160
liveloveariadne: 7512285887
kelisha: 7512314365
zanger: 7512341420
Matt182Martin10: 7512370097
wolfemanmatt: 7512397739
mrgolightly: 7512425285
xoalyssaxo3: 7512451782
BloodConfetti: 7512480512
Dan1991: 7512507828
philrowen: 7512535856
katielynn906: 7512564058
Kirbopher: 7512591264
RisqueMusings: 7512617244
VickyisAwesome: 7512644459
Sminks21: 7512669917
lindsey_s: 7512695556
lorenanne: 7512721492
Sunyshore: 7512753037
fierytree: 7512780602
skamphax0r: 7512807109
dspradau: 7512834012
Controvers_e: 7512860836
autonomylost: 7512887113
sfbb: 7512914223
sibedog: 7512941150
ingridaliasina: 7512967130
Raye95: 7512993200
iamjohncody: 7513020526
kiselman: 7513046784
Ars_Zoetica: 7513073127
flyboypatrick: 7513100640
The209BNR: 7513127009
macdan82: 7513153135
tessicam: 7513179784
naturallysteph: 7513206299
MegsyT: 7513231886
damitman: 7513258789
Janeh02: 7513286604
scottpdavis: 7513313644
caff: 7513340378
gc_martin: 7513367961
getstuffed: 7513394495
elles: 7513419783
iwearscrubs: error (Exception('HTTP Error: 500 (Internal Server Error)',))
CoolPolarBear: 7513446495
EcoEcoHope: 7513473157
catholicchicks: 7513498576
mmagnusson: 7513523983
farley101: 7513550092
goatygoatyeah: 7513575929
NirvooChick: 7513601069
abreit: 7513628272
MFCarterDesign: 7513654780
SheriGreenwell: 7513680538
paramchuk: 7513707377
robgomm: 7513733087
hicox: 7513758227
haleymathiot: 7513786888
implies: 7513816399
peterpetoo: 7513843541
TomRaisedACain: 7513870644
geeeg: 7513898197
msftkitchen: 7513924572
NickVictory: 7513950061
sierram84: 7513976559
Kare84: 7514002519
JDogggg: 7514028951
sarajeankelley: 7514055586
Lilly2Rose3: 7514082907
tbella: 7514109105
_Cantus_: 7514135862
Jams1128: 7514164630
umbralillium: 7514191116
glazebrookgirl: 7514216938
emmymason: 7514243710
ziodyne: 7514270622
maddiefitzy: 7514296757
fac3valu3: 7514325352
xcompanyman: 7514353233
LmnDropPenguin: 7514380456
katetscott: 7514408294
mematwork: 7514436592
WritersFestival: 7514463727
MMA__NEWS: error (Exception("URLError(error(10060, 'Operation timed out'),)",))
smithfb3: 7514496428
PPNStudio: 7514524464
Labowka: 7514551225
Niyrak: 7514578077
Flightwoman: 7514605044
andrewmagill: 7514631789
bwaybound09: 7514658781
MoviesnMelodies: 7514686566
vla13: 7514714007
timd6156: 7514741048
johnnymotif: 7514767437
OneWinkataTime: 7514794958
Seandeeeezy: 7514821559
Blazedd: 7514847917
Tekphreak: 7514879888
robertleamon: 7514909922
krix: 7514938948
rommert: 7514967844
Webworksfiber: 7514995796
Miko100: 7515023890
heRb1e: 7515051567
handekucuk: 7515080601
rhythmofself: 7515108697
Von_Manning: 7515136541
drunkenmonkey87: 7515166846
stephenwrites: 7515195488
brdwaybabe4life: 7515223714
jmgreenleaf: 7515252934
kmullett: 7515282033
TheORIGINALS_sl: 7515311108
kalimadej: 7515340210
magpielady: 7515370025
adamissexable: 7515399247
websmurf_1: 7515428189
jhludwig: 7515460603
pinkysparky: 7515491009
ShannonBoler: 7515520408
Mel_1221: 7515550604
beckihrh: 7515580725
illuminique: 7515610319
Joyuna: 7515641307
Q1029: 7515672291
BeckyCochrane: 7515702605
evansville82003: 7515732857
KatieH97: 7515765401
triclone: 7515795795
cockybox: 7515826791
NibbyP: 7515857669
emilydiana: 7515888674
istyleu: 7515920859
veryMickey: 7515952185
mattalbertson: 7515983572
conniejz: 7516014878
RoyLeban: 7516046081
bri835: 7516083289
RawrZombiexXx: 7516118251
janoruno: 7516153124
xhelloxgoodbyex: 7516187225
BeautyIsAnimate: 7516221093
cafiend: 7516253551
cutewhensedated: 7516288171
spacement: 7516322071
alankelon: 7516355662
gcbenezracmt: 7516389889
runner4ever20: 7516426589
sstarks: 7516461919
purplejules: 7516497699
JuniorTV: 7516533144
RandyBurleson: 7516568036
jeangfl: 7516602937
nathanDW: 7516638964
kbuttfield: 7516674415
SkagitIMS: 7516709569
cwalla04: 7516747194
fiercelytimid: 7516786407
Vickykid: 7516824309
evebutterflies: 7516861856
JassAyy: 7516898953
Terrible30: 7516936181
xxxabby: 7516971856
PillyPop09: 7517008133
powayglassgirl: 7517044661
smores100: 7517080989
AlyxLV: 7517117674
dcrealtorgirl: 7517155237
CeriseLaBombe: 7517192739
Progmale: 7517229583
theglados: 7517267766
Lhasapso: 7517304200
dunstunna: 7517341296
symetrk: 7517380014
realityrobert: 7517417664
iam_Casper82: 7517454889
SteveJerman: 7517494919
terphq00: 7517535490
Worldmage: 7517576014
ashleyel: 7517614625
abbykraft: 7517653954
chadmpierce: 7517693267
peterapokotos: 7517732540
Trishbian: 7517774412
Sogeman: 7517815052
castro0: 7517854123
dankarran: 7517894123
ohshooter: 7517936105
bangfalse: 7517977028
mvaughn25: 7518016858
atomickatz: 7518057780
parthaviyadav: 7518098610
dagladson: 7518139104
starlitstacey: 7518179860
m_mazur: 7518220484
TylerMoliterno: 7518260153
taylorhicklen: 7518302500
amandabonilla: 7518344476
VadisTheGoddess: 7518385785
Dark_vanity: 7518426779
sean_cafferkey: 7518468189
mezzofortissimo: 7518510416
warzabidul: 7518555007
WitchTourniquet: 7518600272
chrissymcneill: 7518644188
KiyoshiTomono: 7518686068
Shutyerpeepers: 7518728886
wearingpurple1: 7518771574
GeekInThePink82: 7518814668
Kelsey_Burd: 7518857984
SybilT173: 7518900267
drjimmypants: 7518943274
andsomepeople: 7518987968
olleeollee: 7519030316
DennyLoko: 7519072376
CaseySharp: 7519115034
with_headphones: 7519161690
farleyideas: 7519207947
jamiekilstein: 7519252898
Hesseeca: 7519298896
slipsofpaper: 7519342816
Rinatshaham: 7519387282
KaraLambo: 7519431838
BlueFeatherArt: 7519477186
mattdantodd: 7519521143
PissPigs: 7519565627
The_Block_2009: 7519611505
TopChef_wannabe: 7519658369
SnoopyGirl4DDUB: 7519706405
njcwelke: 7519753955
jennnaaa: 7519799871
rikibeth: 7519846029
Willeth: 7519891309
jconcep: 7519937386
hanamik: 7519982393
reevesreel: 7520028154
kathoc: 7520076490
westhamprocess: 7520123929
kirstenhubbard: 7520170056
TrichstrProcess: 7520219182
rocketgirl2: 7520268959
RJFlamingo: 7520319092
boxular: 7520368274
ArcaneDollface: 7520417687
velvetbird: 7520466848
VitaminD82: 7520515615
voxangelus: 7520565657
chrisalexander1: 7520614214
beautyandhorror: 7520663528
SweetieDarlin: 7520712382
TheOnly_easyBob: 7520761679
hrstump: 7520810086
Docsfreakyflixx: 7520859488
NotThat2D: 7520908558
imamazing541: 7520957449
SophomoricTumor: 7521007274
ultimateMCfans: 7521062898
goodship_a_k: 7521114220
bansi: 7521165237
Nicelle_Davis: 7521215932
bjweinman: 7521265865
UnderJollyRoger: 7521316785
dollymac74: 7521366951
b1g1nj4p4n: 7521417093
carolaIk: 7521466961
kweiller: 7521516805
katyziebell: 7521569043
BarinaCraft: 7521618656
SydneyyLynn: 7521667867
bfioca: 7521718081
lillianpat: 7521767690
Cosmic_Surfer: 7521816294
805Therapy: 7521864230
myrickinabox: 7521913000
kadiprescott: 7521960833
Glambert2191: 7522010742
ElementPDX: 7522061329
GunnyW14: 7522111682
SebastianWicker: 7522164372
DinoTsafandakis: 7522214215
fishmech: 7522267920
Valv30: 7522316920
naomielizabeth_: 7522367479
pdxalliance: 7522418688
eloquar: 7522468719
yuglook: 7522518558
mattsskateboard: 7522569587
shinjiblue: 7522620302
Prasannajeet: 7522672543
annaclendennen: 7522723002
SashaKFox: 7522772717
LadyKillKatie: 7522824549
neighborino: 7522874341
starlyth: 7522922882
SimonimNetz: 7522971872
Idesignco: 7523025064
matthallett: 7523077368
texellisjr: 7523128785
jstarr0614: 7523181129
itsabeta: 7523233339
MeggieDoodle: 7523284231
TheSmokingPoet: 7523335262
bluebonnet21: 7523384999
tsauthor: error (Exception('HTTP Error: 500 (Internal Server Error)',))
owenblacker: error (Exception('HTTP Error: 500 (Internal Server Error)',))
KyNamDoan: 7523434743
Fuent: 7523484538
SurfTranslation: 7523536238
onepaged: 7523586564
luvnnkotb: 7523636898
bleubirdvintage: 7523688475
MandaFa: 7523739555
Isha_5505: 7523790160
CristopherChan: 7523841179
Hermgirl: 7523891486
lillikoi: 7523941396
tony_nzl: 7523991444
AraNation: 7524043329
thornbrain: 7524097295
OsolocoAZ: 7524148009
iamjoshwaleigh: 7524197824
elpie: 7524247671
TarynAria: 7524297538
saxyjorge: 7524350556
DerekMerdinyan: 7524399644
raisegrate: 7524448974
tommieohlson: 7524500052
bobcheese400: 7524549955
rosiewosie: error (Exception('HTTP Error: 503 (Service Unavailable)',))
srudinski: 7524602344
glambertlambert: 7524651702
court_grace: 7524702019
whakojacko: 7524751501
TessAaaaah: 7524801263
outsmartxlove: 7524851115
mitdasein: 7524902358
TamaraKenyon: 7524951666
PlantDrEMB: 7525004628
Super_Fomi: 7525056012
general_monty: 7525107979
KLEESMITH: 7525159670
pixie101171: 7525210247
CrazyCircle: 7525260896
gelato_dating: 7525315155
April_Writes: 7525364235
jschorling: 7525414393
kipkniskern: 7525462447
SEO_PRO: 7525513040
drewishdrewid: 7525563751
_lightfoot: 7525613003
newtypography: 7525665099
princewonder: 7525714361
grimchokobo: 7525762759
askeydesign: 7525813745
caitirin: 7525862561
ThisIsNiki123: 7525911454
mjhartz: 7525965240
RobertJFClarke: 7526015920
wazze100: 7526065591
flowerpoweroldi: 7526114093
ggSpirit: 7526163572
pixiessss: 7526212459
SeattleSnoring: 7526260508
DownWithPants: 7526309584
Coxymoney: 7526357525
Huerto: 7526405673
ambervulgarism: 7526456545
wonderwhygal: 7526506052
MRMoran: 7526554178
moamirali: 7526603713
Vitaly_Orlov: 7526652688
Spikeboy0224: 7526700659
alexxd__: 7526748187
wuggaslady: 7526796066
rishtal: 7526844313
stuartrobinson: 7526891606
lover4DDUB: 7526942439
mydogwontbite: 7526992125
mrcuteandcuddly: 7527041391
Rabz2: 7527089651
JRDNpwnz: 7527136804
brenden: 7527183790
HollywoodTan2U: 7527231141
ganthet: 7527279965
JCTrick: 7527326847
deadforlife: error (Exception('HTTP Error: 503 (Service Unavailable)',))
GonzoBoBonzo: 7527378310
CateOwen: 7527428433
crossoverman: 7527475116
naynerz: 7527521245
dino8352: 7527568188
ArcherN85: 7527614802
PhilthePill: 7527660984
deepestsilence: 7527708038
mobtal: 7527754525
Twisted_Dizz: 7527800175
tm79: 7527846013
adnez: 7527894489
PoeticLadyJ: 7527941526
ianology: 7527988199
MagicallySelena: 7528035070
DianeNilsen: 7528082006
traceysmith: 7528128308
PhilMoran1: 7528175009
BellathePuggle: 7528220797
MegsXD: 7528266380
KTPatt: 7528311929
emmerz18: 7528357802
divinecontact: 7528404905
TraceyParadiso: 7528450985
HollieHardcore: 7528499281
cemab4y: 7528545196
TrishB: 7528590557
moonrock: 7528636657
theblackqueen: 7528683767
jeanxin: 7528728574
NikkisInferno: 7528777036
JoJo91693: 7528825058
ewert7: 7528872879
letonyo: 7528920080
buzzandrea: 7528966367
leedelcastillo: 7529013361
Richy23: 7529058188
Da_Nennett: 7529103620
happydorkjc: 7529149659
Cant_Judge_Luv: 7529193769
Spramen: 7529238710
mazzie: 7529283747
MyPeacetree: 7529329103
AbsoluteWrite: 7529375103
eddieyoon: 7529421668
rhondasays: 7529467299
leslieradams: 7529511980
dacort: 7529557532
Chiquisgirl: 7529602950
ilovecrayons: 7529648472
hawks5999: 7529695112
andy065: 7529740953
EachNewDay: 7529786782
aleagueofherown: 7529832294
davidzumini: 7529876584
pushingdessy: 7529920815
BuffyGriffin: 7529966452
bakalu: 7530013428
SamRasnake: 7530058783
knackeredwriter: 7530103230
TheDailyMel: 7530148838
PrtyBrwnEyeS: 7530194342
caiorachid: 7530239340
tracigirl: 7530285252
LoCul: 7530330830
jlydz7892: 7530376628
Naggedbycats: 7530421953
rhagerty29: 7530467894
Gary_E_Davis: 7530512493
Amy_Heuberger: 7530556749
xhoy: 7530608252
tehlobster: 7530655973
cducasse: 7530702454
omgblt: 7530748686
JennLeighh: 7530793911
YoSabrina: 7530838667
chdinc: 7530883843
Josh_UK: 7530929414
gluckhorse: 7530974875
slignot: 7531020139
akvamme: 7531066917
nomoregames75: 7531112497
SusieFierce: 7531158826
RearrangedDsgn: 7531205284
Brandjuh: 7531250646
fastfall: 7531297212
FlyingHighTutor: 7531343738
Truthbomb: 7531389768
alenagroopman: 7531439657
hannahmosk: 7531486625
Carothedreamer: 7531535054
therealdinas: 7531581631
BUCOatHCC: 7531628947
LDelphian: 7531676473
88n6shi88: 7531723221
deniseclh: 7531769359
rhpistole: 7531815751
farahfaisal: 7531862869
JediJasonA: 7531908273
SeraaVickers: 7531954628
settle_down: 7532001024
pa4culture: 7532047067
BadServo: 7532092503
MrsJGreen: 7532139158
imkeith: 7532185394
MrsCDG: 7532231973
CrazyforJensen: 7532278286
vincenzomanzoni: 7532324093
mattkips: 7532369942
SmileMichele: 7532418906
doctorseleski: error (Exception('HTTP Error: 502 (Bad Gateway)',))
mandygriffiths: error (Exception('HTTP Error: 502 (Bad Gateway)',))
deep_n_thought: error (Exception('HTTP Error: 502 (Bad Gateway)',))
alexandralarrow: error (Exception('HTTP Error: 502 (Bad Gateway)',))
TishBoom: error (Exception('HTTP Error: 502 (Bad Gateway)',))
awktopus: error (Exception('HTTP Error: 502 (Bad Gateway)',))
res2216firestar: error (Exception('HTTP Error: 502 (Bad Gateway)',))
stejpeck: error (Exception('HTTP Error: 502 (Bad Gateway)',))
blanding31: error (Exception('HTTP Error: 502 (Bad Gateway)',))
gryphoness: error (Exception('HTTP Error: 502 (Bad Gateway)',))
Suppiewolf: error (Exception('HTTP Error: 502 (Bad Gateway)',))
jwrite: error (Exception('HTTP Error: 502 (Bad Gateway)',))
ashley247: error (Exception('HTTP Error: 502 (Bad Gateway)',))
sashiicakes: error (Exception('HTTP Error: 502 (Bad Gateway)',))
jake000: error (Exception('HTTP Error: 502 (Bad Gateway)',))
KBULLA: error (Exception('HTTP Error: 502 (Bad Gateway)',))
sunamo: error (Exception('HTTP Error: 502 (Bad Gateway)',))
missyaucla: error (Exception('HTTP Error: 502 (Bad Gateway)',))
TrippingJimmies: error (Exception('HTTP Error: 502 (Bad Gateway)',))
realestatechick: error (Exception('HTTP Error: 502 (Bad Gateway)',))
richboden: error (Exception('HTTP Error: 502 (Bad Gateway)',))
alovelyliz: error (Exception('HTTP Error: 502 (Bad Gateway)',))
riddering: error (Exception('HTTP Error: 502 (Bad Gateway)',))
kimode: error (Exception('HTTP Error: 502 (Bad Gateway)',))
goodasyou: error (Exception('HTTP Error: 502 (Bad Gateway)',))
elephox: error (Exception('HTTP Error: 502 (Bad Gateway)',))
t_rex_arms: error (Exception('HTTP Error: 502 (Bad Gateway)',))
dmv: error (Exception('HTTP Error: 502 (Bad Gateway)',))
ucf0503: error (Exception('HTTP Error: 502 (Bad Gateway)',))
moishel: error (Exception('HTTP Error: 502 (Bad Gateway)',))
joraamn: error (Exception('HTTP Error: 502 (Bad Gateway)',))
maestrowork: error (Exception('HTTP Error: 502 (Bad Gateway)',))
sickkid1972: error (Exception('HTTP Error: 502 (Bad Gateway)',))
NeuroticNomad: error (Exception('HTTP Error: 502 (Bad Gateway)',))
NZInfoDesign: error (Exception('HTTP Error: 502 (Bad Gateway)',))
slufty: error (Exception('HTTP Error: 502 (Bad Gateway)',))
Natt: error (Exception('HTTP Error: 502 (Bad Gateway)',))
KristenJacobson: error (Exception('HTTP Error: 502 (Bad Gateway)',))
dswenson8: error (Exception('HTTP Error: 502 (Bad Gateway)',))
trenggiling09: error (Exception('HTTP Error: 502 (Bad Gateway)',))
lrfortress: error (Exception('HTTP Error: 502 (Bad Gateway)',))
Danidlion: error (Exception('HTTP Error: 502 (Bad Gateway)',))
Rezank: error (Exception('HTTP Error: 502 (Bad Gateway)',))
MiaHysteria: error (Exception('HTTP Error: 502 (Bad Gateway)',))
missrenee: error (Exception('HTTP Error: 502 (Bad Gateway)',))
calbucci: error (Exception('HTTP Error: 502 (Bad Gateway)',))
sylvestrie: error (Exception('HTTP Error: 502 (Bad Gateway)',))
la_dolcevita_: error (Exception('HTTP Error: 502 (Bad Gateway)',))
Ed_at_1E: error (Exception('HTTP Error: 502 (Bad Gateway)',))
She_shines92: error (Exception('HTTP Error: 502 (Bad Gateway)',))
SullivanShadow: error (Exception('HTTP Error: 502 (Bad Gateway)',))
Freepornent: error (Exception('HTTP Error: 502 (Bad Gateway)',))
misskleo: error (Exception('HTTP Error: 502 (Bad Gateway)',))
QueenSweezy: error (Exception('HTTP Error: 502 (Bad Gateway)',))
CLEEVN: error (Exception('HTTP Error: 502 (Bad Gateway)',))
amantedellapa: error (Exception('HTTP Error: 502 (Bad Gateway)',))
rknap14: error (Exception('HTTP Error: 502 (Bad Gateway)',))
sandy_shin: error (Exception('HTTP Error: 502 (Bad Gateway)',))
maruskamorena: error (Exception('HTTP Error: 502 (Bad Gateway)',))
buckbeakbudgie: error (Exception('HTTP Error: 502 (Bad Gateway)',))
Starting 2010-01-08 13:32:40.257000
doctorseleski: 7533068070
mandygriffiths: 7533114259
deep_n_thought: 7533160659
alexandralarrow: 7533206382
TishBoom: 7533251415
awktopus: error (Exception('HTTP Error: 503 (Service Unavailable)',))
res2216firestar: 7533300150
stejpeck: 7533347403
blanding31: 7533393187
gryphoness: 7533440167
Suppiewolf: 7533487278
jwrite: 7533534429
ashley247: 7533579978
sashiicakes: 7533627114
jake000: 7533673746
KBULLA: 7533719402
sunamo: 7533765282
missyaucla: 7533813502
TrippingJimmies: 7533859888
realestatechick: 7533908566
richboden: 7533957672
alovelyliz: 7534006520
riddering: 7534054372
kimode: 7534102882
goodasyou: 7534149843
elephox: 7534197296
t_rex_arms: 7534244865
dmv: 7534292929
ucf0503: 7534339854
moishel: 7534388859
joraamn: 7534437826
maestrowork: 7534485227
sickkid1972: 7534533500
NeuroticNomad: 7534582406
NZInfoDesign: 7534630902
slufty: 7534679203
Natt: 7534727425
KristenJacobson: 7534774492
dswenson8: 7534822183
trenggiling09: 7534872643
lrfortress: 7534921716
Danidlion: 7534973973
Rezank: 7535024364
MiaHysteria: 7535073589
missrenee: 7535123588
calbucci: 7535173298
sylvestrie: 7535224685
la_dolcevita_: 7535274100
Ed_at_1E: 7535322604
She_shines92: 7535372853
SullivanShadow: 7535423445
Freepornent: 7535472607
misskleo: 7535521956
QueenSweezy: 7535570578
CLEEVN: 7535619196
Starting 2010-01-08 15:14:55.887000
amantedellapa: 7536310122
rknap14: 7536357610
sandy_shin: 7536404817
maruskamorena: 7536450930
